  Main.cpp
  EWindow.cpp
c:\users\renzy\desktop\eksis engine code\experimental\eksisengine\eksisengine\ewindow.cpp(18): warning C4244: 'argument': conversion from 'int' to 'float', possible loss of data
c:\users\renzy\desktop\eksis engine code\experimental\eksisengine\eksisengine\ewindow.cpp(29): warning C4302: 'type cast': truncation from 'LPWSTR' to 'WORD'
  EVector.cpp
  ETextureManager.cpp
  ETexture.cpp
  ESquare.cpp
  ESprite.cpp
  EShader.cpp
  ERenderable.cpp
  EMesh.cpp
  EMatrix.cpp
c:\users\renzy\desktop\eksis engine code\experimental\eksisengine\eksisengine\ematrix.cpp(94): warning C4244: '=': conversion from 'double' to 'float', possible loss of data
c:\users\renzy\desktop\eksis engine code\experimental\eksisengine\eksisengine\ematrix.cpp(95): warning C4244: '=': conversion from 'double' to 'float', possible loss of data
  EksisEngine.cpp
c:\users\renzy\desktop\eksis engine code\experimental\eksisengine\eksisengine\eksisengine.cpp(142): warning C4244: 'return': conversion from 'int' to 'float', possible loss of data
c:\users\renzy\desktop\eksis engine code\experimental\eksisengine\eksisengine\eksisengine.cpp(147): warning C4244: 'return': conversion from 'int' to 'float', possible loss of data
  EDirectXHelper.cpp
  ED3DHelper.cpp
  Generating Code...
c:\users\renzy\desktop\eksis engine code\experimental\eksisengine\eksisengine\etexture.cpp(154): warning C4715: 'ETexture::GetDXGIFormatBitsPerPixel': not all control paths return a value
  EksisEngine.vcxproj -> C:\Users\Renzy\Desktop\Eksis Engine Code\Experimental\EksisEngine\Debug\EksisEngine.exe
