f:\documents\github\eksisengine-nick-stable\eksisengine\eksisengine\x64\debug\vc141.pdb
f:\documents\github\eksisengine-nick-stable\eksisengine\eksisengine\x64\debug\vc141.idb
f:\documents\github\eksisengine-nick-stable\eksisengine\eksisengine\x64\debug\main.obj
f:\documents\github\eksisengine-nick-stable\eksisengine\eksisengine\x64\debug\ewindow.obj
f:\documents\github\eksisengine-nick-stable\eksisengine\eksisengine\x64\debug\evector.obj
f:\documents\github\eksisengine-nick-stable\eksisengine\eksisengine\x64\debug\esquare.obj
f:\documents\github\eksisengine-nick-stable\eksisengine\eksisengine\x64\debug\eshader.obj
f:\documents\github\eksisengine-nick-stable\eksisengine\eksisengine\x64\debug\erenderable.obj
f:\documents\github\eksisengine-nick-stable\eksisengine\eksisengine\x64\debug\emouse.obj
f:\documents\github\eksisengine-nick-stable\eksisengine\eksisengine\x64\debug\emesh.obj
f:\documents\github\eksisengine-nick-stable\eksisengine\eksisengine\x64\debug\ematrix.obj
f:\documents\github\eksisengine-nick-stable\eksisengine\eksisengine\x64\debug\eksisengine.obj
f:\documents\github\eksisengine-nick-stable\eksisengine\eksisengine\x64\debug\ekeyboard.obj
f:\documents\github\eksisengine-nick-stable\eksisengine\eksisengine\x64\debug\einput.obj
f:\documents\github\eksisengine-nick-stable\eksisengine\eksisengine\x64\debug\edirectxhelper.obj
f:\documents\github\eksisengine-nick-stable\eksisengine\eksisengine\x64\debug\ed3dhelper.obj
f:\documents\github\eksisengine-nick-stable\eksisengine\x64\debug\eksisengine.pdb
f:\documents\github\eksisengine-nick-stable\eksisengine\eksisengine\x64\debug\eksisengine.tlog\cl.command.1.tlog
f:\documents\github\eksisengine-nick-stable\eksisengine\eksisengine\x64\debug\eksisengine.tlog\cl.read.1.tlog
f:\documents\github\eksisengine-nick-stable\eksisengine\eksisengine\x64\debug\eksisengine.tlog\cl.write.1.tlog
f:\documents\github\eksisengine-nick-stable\eksisengine\eksisengine\x64\debug\eksisengine.tlog\link-cvtres.read.1.tlog
f:\documents\github\eksisengine-nick-stable\eksisengine\eksisengine\x64\debug\eksisengine.tlog\link-cvtres.write.1.tlog
f:\documents\github\eksisengine-nick-stable\eksisengine\eksisengine\x64\debug\eksisengine.tlog\link-rc.read.1.tlog
f:\documents\github\eksisengine-nick-stable\eksisengine\eksisengine\x64\debug\eksisengine.tlog\link-rc.write.1.tlog
f:\documents\github\eksisengine-nick-stable\eksisengine\eksisengine\x64\debug\eksisengine.tlog\link.command.1.tlog
f:\documents\github\eksisengine-nick-stable\eksisengine\eksisengine\x64\debug\eksisengine.tlog\link.read.1.tlog
f:\documents\github\eksisengine-nick-stable\eksisengine\eksisengine\x64\debug\eksisengine.tlog\link.write.1.tlog
