c:\users\renzy\desktop\eksis engine code\experimental\eksisengine\eksisengine\debug\vc141.pdb
c:\users\renzy\desktop\eksis engine code\experimental\eksisengine\eksisengine\debug\vc141.idb
c:\users\renzy\desktop\eksis engine code\experimental\eksisengine\eksisengine\debug\ed3dhelper.obj
c:\users\renzy\desktop\eksis engine code\experimental\eksisengine\eksisengine\debug\edirectxhelper.obj
c:\users\renzy\desktop\eksis engine code\experimental\eksisengine\eksisengine\debug\eksisengine.obj
c:\users\renzy\desktop\eksis engine code\experimental\eksisengine\eksisengine\debug\ematrix.obj
c:\users\renzy\desktop\eksis engine code\experimental\eksisengine\eksisengine\debug\emesh.obj
c:\users\renzy\desktop\eksis engine code\experimental\eksisengine\eksisengine\debug\eshader.obj
c:\users\renzy\desktop\eksis engine code\experimental\eksisengine\eksisengine\debug\esquare.obj
c:\users\renzy\desktop\eksis engine code\experimental\eksisengine\eksisengine\debug\evector.obj
c:\users\renzy\desktop\eksis engine code\experimental\eksisengine\eksisengine\debug\ewindow.obj
c:\users\renzy\desktop\eksis engine code\experimental\eksisengine\eksisengine\debug\main.obj
c:\users\renzy\desktop\eksis engine code\stable\eksisengine\eksisengine\debug\vc141.pdb
c:\users\renzy\desktop\eksis engine code\stable\eksisengine\eksisengine\debug\vc141.idb
c:\users\renzy\desktop\eksis engine code\stable\eksisengine\eksisengine\debug\ed3dhelper.obj
c:\users\renzy\desktop\eksis engine code\stable\eksisengine\eksisengine\debug\edirectxhelper.obj
c:\users\renzy\desktop\eksis engine code\stable\eksisengine\eksisengine\debug\eksisengine.obj
c:\users\renzy\desktop\eksis engine code\stable\eksisengine\eksisengine\debug\ematrix.obj
c:\users\renzy\desktop\eksis engine code\stable\eksisengine\eksisengine\debug\emesh.obj
c:\users\renzy\desktop\eksis engine code\stable\eksisengine\eksisengine\debug\eshader.obj
c:\users\renzy\desktop\eksis engine code\stable\eksisengine\eksisengine\debug\esquare.obj
c:\users\renzy\desktop\eksis engine code\stable\eksisengine\eksisengine\debug\evector.obj
c:\users\renzy\desktop\eksis engine code\stable\eksisengine\eksisengine\debug\ewindow.obj
c:\users\renzy\desktop\eksis engine code\stable\eksisengine\eksisengine\debug\main.obj
c:\users\renzy\desktop\eksis engine code\stable\eksisengine\eksisengine\debug\erenderable.obj
c:\users\renzy\desktop\eksis engine code\experimental\eksisengine\debug\eksisengine.exe
c:\users\renzy\desktop\eksis engine code\experimental\eksisengine\debug\eksisengine.ilk
c:\users\renzy\desktop\eksis engine code\experimental\eksisengine\debug\eksisengine.pdb
c:\users\renzy\desktop\eksis engine code\stable\eksisengine\debug\eksisengine.exe
c:\users\renzy\desktop\eksis engine code\stable\eksisengine\debug\eksisengine.ilk
c:\users\renzy\desktop\eksis engine code\stable\eksisengine\debug\eksisengine.pdb
c:\users\renzy\desktop\eksis engine code\stable\eksisengine\eksisengine\debug\ewindow.obj.enc
c:\users\renzy\desktop\eksis engine code\stable\eksisengine\eksisengine\debug\eksisengine.tlog\cl.command.1.tlog
c:\users\renzy\desktop\eksis engine code\stable\eksisengine\eksisengine\debug\eksisengine.tlog\cl.read.1.tlog
c:\users\renzy\desktop\eksis engine code\stable\eksisengine\eksisengine\debug\eksisengine.tlog\cl.write.1.tlog
c:\users\renzy\desktop\eksis engine code\stable\eksisengine\eksisengine\debug\eksisengine.tlog\link.command.1.tlog
c:\users\renzy\desktop\eksis engine code\stable\eksisengine\eksisengine\debug\eksisengine.tlog\link.read.1.tlog
c:\users\renzy\desktop\eksis engine code\stable\eksisengine\eksisengine\debug\eksisengine.tlog\link.write.1.tlog
